0 info it worked if it ends with ok
1 verbose cli [ '/home/hugo/.nvm/versions/node/v6.11.0/bin/node',
1 verbose cli   '/home/hugo/.nvm/versions/node/v6.11.0/bin/npm',
1 verbose cli   'install' ]
2 info using npm@3.10.10
3 info using node@v6.11.0
4 silly loadCurrentTree Starting
5 silly install loadCurrentTree
6 silly install readLocalPackageData
7 silly install normalizeTree
8 silly loadCurrentTree Finishing
9 silly loadIdealTree Starting
10 silly install loadIdealTree
11 silly cloneCurrentTree Starting
12 silly install cloneCurrentTreeToIdealTree
13 silly cloneCurrentTree Finishing
14 silly loadShrinkwrap Starting
15 silly install loadShrinkwrap
16 silly loadShrinkwrap Finishing
17 silly loadAllDepsIntoIdealTree Starting
18 silly install loadAllDepsIntoIdealTree
19 silly fetchNamedPackageData leaflet.sync
20 silly mapToRegistry name leaflet.sync
21 silly mapToRegistry using default registry
22 silly mapToRegistry registry https://registry.npmjs.org/
23 silly mapToRegistry data Result {
23 silly mapToRegistry   raw: 'leaflet.sync',
23 silly mapToRegistry   scope: null,
23 silly mapToRegistry   escapedName: 'leaflet.sync',
23 silly mapToRegistry   name: 'leaflet.sync',
23 silly mapToRegistry   rawSpec: '',
23 silly mapToRegistry   spec: 'latest',
23 silly mapToRegistry   type: 'tag' }
24 silly mapToRegistry uri https://registry.npmjs.org/leaflet.sync
25 silly fetchNamedPackageData netcdf4
26 silly mapToRegistry name netcdf4
27 silly mapToRegistry using default registry
28 silly mapToRegistry registry https://registry.npmjs.org/
29 silly mapToRegistry data Result {
29 silly mapToRegistry   raw: 'netcdf4',
29 silly mapToRegistry   scope: null,
29 silly mapToRegistry   escapedName: 'netcdf4',
29 silly mapToRegistry   name: 'netcdf4',
29 silly mapToRegistry   rawSpec: '',
29 silly mapToRegistry   spec: 'latest',
29 silly mapToRegistry   type: 'tag' }
30 silly mapToRegistry uri https://registry.npmjs.org/netcdf4
31 verbose request uri https://registry.npmjs.org/netcdf4
32 verbose request no auth needed
33 info attempt registry request try #1 at 1:23:27 PM
34 verbose request id 559efcdcefe91db2
35 http request GET https://registry.npmjs.org/netcdf4
36 verbose request uri https://registry.npmjs.org/leaflet.sync
37 verbose request no auth needed
38 info attempt registry request try #1 at 1:23:28 PM
39 http request GET https://registry.npmjs.org/leaflet.sync
40 http 200 https://registry.npmjs.org/netcdf4
41 verbose headers { server: 'nginx/1.10.1',
41 verbose headers   'content-type': 'application/json',
41 verbose headers   'last-modified': 'Thu, 24 Aug 2017 19:04:46 GMT',
41 verbose headers   etag: 'W/"599f234e-2841"',
41 verbose headers   'content-encoding': 'gzip',
41 verbose headers   'cache-control': 'max-age=300',
41 verbose headers   'content-length': '2911',
41 verbose headers   'accept-ranges': 'bytes',
41 verbose headers   date: 'Fri, 01 Dec 2017 18:23:28 GMT',
41 verbose headers   via: '1.1 varnish',
41 verbose headers   age: '0',
41 verbose headers   connection: 'keep-alive',
41 verbose headers   'x-served-by': 'cache-ewr18126-EWR',
41 verbose headers   'x-cache': 'MISS',
41 verbose headers   'x-cache-hits': '0',
41 verbose headers   'x-timer': 'S1512152609.527988,VS0,VE15',
41 verbose headers   vary: 'Accept-Encoding, Accept' }
42 silly get cb [ 200,
42 silly get   { server: 'nginx/1.10.1',
42 silly get     'content-type': 'application/json',
42 silly get     'last-modified': 'Thu, 24 Aug 2017 19:04:46 GMT',
42 silly get     etag: 'W/"599f234e-2841"',
42 silly get     'content-encoding': 'gzip',
42 silly get     'cache-control': 'max-age=300',
42 silly get     'content-length': '2911',
42 silly get     'accept-ranges': 'bytes',
42 silly get     date: 'Fri, 01 Dec 2017 18:23:28 GMT',
42 silly get     via: '1.1 varnish',
42 silly get     age: '0',
42 silly get     connection: 'keep-alive',
42 silly get     'x-served-by': 'cache-ewr18126-EWR',
42 silly get     'x-cache': 'MISS',
42 silly get     'x-cache-hits': '0',
42 silly get     'x-timer': 'S1512152609.527988,VS0,VE15',
42 silly get     vary: 'Accept-Encoding, Accept' } ]
43 verbose get saving netcdf4 to /home/hugo/.npm/registry.npmjs.org/netcdf4/.cache.json
44 verbose correctMkdir /home/hugo/.npm correctMkdir not in flight; initializing
45 silly resolveWithNewModule netcdf4@0.2.3 checking installable status
46 silly cache add args [ 'netcdf4@^0.2.3', null ]
47 verbose cache add spec netcdf4@^0.2.3
48 silly cache add parsed spec Result {
48 silly cache add   raw: 'netcdf4@^0.2.3',
48 silly cache add   scope: null,
48 silly cache add   escapedName: 'netcdf4',
48 silly cache add   name: 'netcdf4',
48 silly cache add   rawSpec: '^0.2.3',
48 silly cache add   spec: '>=0.2.3 <0.3.0',
48 silly cache add   type: 'range' }
49 silly addNamed netcdf4@>=0.2.3 <0.3.0
50 verbose addNamed ">=0.2.3 <0.3.0" is a valid semver range for netcdf4
51 silly addNameRange { name: 'netcdf4', range: '>=0.2.3 <0.3.0', hasData: false }
52 silly mapToRegistry name netcdf4
53 silly mapToRegistry using default registry
54 silly mapToRegistry registry https://registry.npmjs.org/
55 silly mapToRegistry data Result {
55 silly mapToRegistry   raw: 'netcdf4',
55 silly mapToRegistry   scope: null,
55 silly mapToRegistry   escapedName: 'netcdf4',
55 silly mapToRegistry   name: 'netcdf4',
55 silly mapToRegistry   rawSpec: '',
55 silly mapToRegistry   spec: 'latest',
55 silly mapToRegistry   type: 'tag' }
56 silly mapToRegistry uri https://registry.npmjs.org/netcdf4
57 verbose addNameRange registry:https://registry.npmjs.org/netcdf4 not in flight; fetching
58 http 200 https://registry.npmjs.org/leaflet.sync
59 verbose headers { server: 'nginx/1.10.1',
59 verbose headers   'content-type': 'application/json',
59 verbose headers   'last-modified': 'Thu, 30 Nov 2017 08:15:39 GMT',
59 verbose headers   etag: 'W/"5a1fbe2b-58bc"',
59 verbose headers   'content-encoding': 'gzip',
59 verbose headers   'cache-control': 'max-age=300',
59 verbose headers   'content-length': '4517',
59 verbose headers   'accept-ranges': 'bytes',
59 verbose headers   date: 'Fri, 01 Dec 2017 18:23:28 GMT',
59 verbose headers   via: '1.1 varnish',
59 verbose headers   age: '0',
59 verbose headers   connection: 'keep-alive',
59 verbose headers   'x-served-by': 'cache-ewr18133-EWR',
59 verbose headers   'x-cache': 'MISS',
59 verbose headers   'x-cache-hits': '0',
59 verbose headers   'x-timer': 'S1512152609.537535,VS0,VE89',
59 verbose headers   vary: 'Accept-Encoding, Accept' }
60 silly get cb [ 200,
60 silly get   { server: 'nginx/1.10.1',
60 silly get     'content-type': 'application/json',
60 silly get     'last-modified': 'Thu, 30 Nov 2017 08:15:39 GMT',
60 silly get     etag: 'W/"5a1fbe2b-58bc"',
60 silly get     'content-encoding': 'gzip',
60 silly get     'cache-control': 'max-age=300',
60 silly get     'content-length': '4517',
60 silly get     'accept-ranges': 'bytes',
60 silly get     date: 'Fri, 01 Dec 2017 18:23:28 GMT',
60 silly get     via: '1.1 varnish',
60 silly get     age: '0',
60 silly get     connection: 'keep-alive',
60 silly get     'x-served-by': 'cache-ewr18133-EWR',
60 silly get     'x-cache': 'MISS',
60 silly get     'x-cache-hits': '0',
60 silly get     'x-timer': 'S1512152609.537535,VS0,VE89',
60 silly get     vary: 'Accept-Encoding, Accept' } ]
61 verbose get saving leaflet.sync to /home/hugo/.npm/registry.npmjs.org/leaflet.sync/.cache.json
62 verbose correctMkdir /home/hugo/.npm correctMkdir not in flight; initializing
63 verbose get https://registry.npmjs.org/netcdf4 not expired, no request
64 silly addNameRange number 2 { name: 'netcdf4', range: '>=0.2.3 <0.3.0', hasData: true }
65 silly addNameRange versions [ 'netcdf4', [ '0.2.0', '0.2.1', '0.2.2', '0.2.3' ] ]
66 silly addNamed netcdf4@0.2.3
67 verbose addNamed "0.2.3" is a plain semver version for netcdf4
68 silly resolveWithNewModule leaflet.sync@0.2.2 checking installable status
69 silly cache add args [ 'leaflet.sync@^0.2.1', null ]
70 verbose cache add spec leaflet.sync@^0.2.1
71 silly cache add parsed spec Result {
71 silly cache add   raw: 'leaflet.sync@^0.2.1',
71 silly cache add   scope: null,
71 silly cache add   escapedName: 'leaflet.sync',
71 silly cache add   name: 'leaflet.sync',
71 silly cache add   rawSpec: '^0.2.1',
71 silly cache add   spec: '>=0.2.1 <0.3.0',
71 silly cache add   type: 'range' }
72 silly addNamed leaflet.sync@>=0.2.1 <0.3.0
73 verbose addNamed ">=0.2.1 <0.3.0" is a valid semver range for leaflet.sync
74 silly addNameRange { name: 'leaflet.sync', range: '>=0.2.1 <0.3.0', hasData: false }
75 silly mapToRegistry name leaflet.sync
76 silly mapToRegistry using default registry
77 silly mapToRegistry registry https://registry.npmjs.org/
78 silly mapToRegistry data Result {
78 silly mapToRegistry   raw: 'leaflet.sync',
78 silly mapToRegistry   scope: null,
78 silly mapToRegistry   escapedName: 'leaflet.sync',
78 silly mapToRegistry   name: 'leaflet.sync',
78 silly mapToRegistry   rawSpec: '',
78 silly mapToRegistry   spec: 'latest',
78 silly mapToRegistry   type: 'tag' }
79 silly mapToRegistry uri https://registry.npmjs.org/leaflet.sync
80 verbose addNameRange registry:https://registry.npmjs.org/leaflet.sync not in flight; fetching
81 verbose get https://registry.npmjs.org/leaflet.sync not expired, no request
82 silly addNameRange number 2 { name: 'leaflet.sync', range: '>=0.2.1 <0.3.0', hasData: true }
83 silly addNameRange versions [ 'leaflet.sync',
83 silly addNameRange   [ '0.0.3',
83 silly addNameRange     '0.0.4',
83 silly addNameRange     '0.0.5',
83 silly addNameRange     '0.0.6',
83 silly addNameRange     '0.0.7',
83 silly addNameRange     '0.1.0',
83 silly addNameRange     '0.1.1',
83 silly addNameRange     '0.1.2',
83 silly addNameRange     '0.2.0',
83 silly addNameRange     '0.2.1',
83 silly addNameRange     '0.2.2' ] ]
84 silly addNamed leaflet.sync@0.2.2
85 verbose addNamed "0.2.2" is a plain semver version for leaflet.sync
86 silly mapToRegistry name netcdf4
87 silly mapToRegistry using default registry
88 silly mapToRegistry registry https://registry.npmjs.org/
89 silly mapToRegistry data Result {
89 silly mapToRegistry   raw: 'netcdf4',
89 silly mapToRegistry   scope: null,
89 silly mapToRegistry   escapedName: 'netcdf4',
89 silly mapToRegistry   name: 'netcdf4',
89 silly mapToRegistry   rawSpec: '',
89 silly mapToRegistry   spec: 'latest',
89 silly mapToRegistry   type: 'tag' }
90 silly mapToRegistry uri https://registry.npmjs.org/netcdf4
91 verbose addRemoteTarball https://registry.npmjs.org/netcdf4/-/netcdf4-0.2.3.tgz not in flight; adding
92 verbose addRemoteTarball [ 'https://registry.npmjs.org/netcdf4/-/netcdf4-0.2.3.tgz',
92 verbose addRemoteTarball   '4a00bec3c744638d4c3eeae7d343a9ec1dbbef5a' ]
93 silly mapToRegistry name leaflet.sync
94 silly mapToRegistry using default registry
95 silly mapToRegistry registry https://registry.npmjs.org/
96 silly mapToRegistry data Result {
96 silly mapToRegistry   raw: 'leaflet.sync',
96 silly mapToRegistry   scope: null,
96 silly mapToRegistry   escapedName: 'leaflet.sync',
96 silly mapToRegistry   name: 'leaflet.sync',
96 silly mapToRegistry   rawSpec: '',
96 silly mapToRegistry   spec: 'latest',
96 silly mapToRegistry   type: 'tag' }
97 silly mapToRegistry uri https://registry.npmjs.org/leaflet.sync
98 verbose addRemoteTarball https://registry.npmjs.org/leaflet.sync/-/leaflet.sync-0.2.2.tgz not in flight; adding
99 verbose addRemoteTarball [ 'https://registry.npmjs.org/leaflet.sync/-/leaflet.sync-0.2.2.tgz',
99 verbose addRemoteTarball   '0cedb9245ca20fc989f30cff984aebd232ad31fa' ]
100 info retry fetch attempt 1 at 1:23:28 PM
101 info attempt registry request try #1 at 1:23:28 PM
102 http fetch GET https://registry.npmjs.org/netcdf4/-/netcdf4-0.2.3.tgz
103 info retry fetch attempt 1 at 1:23:28 PM
104 info attempt registry request try #1 at 1:23:28 PM
105 http fetch GET https://registry.npmjs.org/leaflet.sync/-/leaflet.sync-0.2.2.tgz
106 http fetch 200 https://registry.npmjs.org/netcdf4/-/netcdf4-0.2.3.tgz
107 silly fetchAndShaCheck shasum 4a00bec3c744638d4c3eeae7d343a9ec1dbbef5a
108 verbose addTmpTarball /tmp/npm-2276-b68052fd/registry.npmjs.org/netcdf4/-/netcdf4-0.2.3.tgz not in flight; adding
109 verbose addTmpTarball already have metadata; skipping unpack for netcdf4@0.2.3
110 verbose correctMkdir /home/hugo/.npm correctMkdir not in flight; initializing
111 http fetch 200 https://registry.npmjs.org/leaflet.sync/-/leaflet.sync-0.2.2.tgz
112 silly cache afterAdd netcdf4@0.2.3
113 verbose afterAdd /home/hugo/.npm/netcdf4/0.2.3/package/package.json not in flight; writing
114 verbose correctMkdir /home/hugo/.npm correctMkdir not in flight; initializing
115 verbose afterAdd /home/hugo/.npm/netcdf4/0.2.3/package/package.json written
116 silly fetchAndShaCheck shasum 0cedb9245ca20fc989f30cff984aebd232ad31fa
117 verbose addTmpTarball /tmp/npm-2276-b68052fd/registry.npmjs.org/leaflet.sync/-/leaflet.sync-0.2.2.tgz not in flight; adding
118 verbose addTmpTarball already have metadata; skipping unpack for leaflet.sync@0.2.2
119 verbose correctMkdir /home/hugo/.npm correctMkdir not in flight; initializing
120 silly cache afterAdd leaflet.sync@0.2.2
121 verbose afterAdd /home/hugo/.npm/leaflet.sync/0.2.2/package/package.json not in flight; writing
122 verbose correctMkdir /home/hugo/.npm correctMkdir not in flight; initializing
123 verbose afterAdd /home/hugo/.npm/leaflet.sync/0.2.2/package/package.json written
124 silly fetchNamedPackageData fsevents
125 silly mapToRegistry name fsevents
126 silly mapToRegistry using default registry
127 silly mapToRegistry registry https://registry.npmjs.org/
128 silly mapToRegistry data Result {
128 silly mapToRegistry   raw: 'fsevents',
128 silly mapToRegistry   scope: null,
128 silly mapToRegistry   escapedName: 'fsevents',
128 silly mapToRegistry   name: 'fsevents',
128 silly mapToRegistry   rawSpec: '',
128 silly mapToRegistry   spec: 'latest',
128 silly mapToRegistry   type: 'tag' }
129 silly mapToRegistry uri https://registry.npmjs.org/fsevents
130 verbose request uri https://registry.npmjs.org/fsevents
131 verbose request no auth needed
132 info attempt registry request try #1 at 1:23:29 PM
133 verbose etag W/"5a0626da-e534"
134 verbose lastModified Fri, 10 Nov 2017 22:23:22 GMT
135 http request GET https://registry.npmjs.org/fsevents
136 http 200 https://registry.npmjs.org/fsevents
137 verbose headers { server: 'nginx/1.10.1',
137 verbose headers   'content-type': 'application/json',
137 verbose headers   'last-modified': 'Wed, 29 Nov 2017 10:42:05 GMT',
137 verbose headers   etag: 'W/"5a1e8efd-e513"',
137 verbose headers   'content-encoding': 'gzip',
137 verbose headers   'cache-control': 'max-age=300',
137 verbose headers   'content-length': '7257',
137 verbose headers   'accept-ranges': 'bytes',
137 verbose headers   date: 'Fri, 01 Dec 2017 18:23:29 GMT',
137 verbose headers   via: '1.1 varnish',
137 verbose headers   age: '180',
137 verbose headers   connection: 'keep-alive',
137 verbose headers   'x-served-by': 'cache-ewr18126-EWR',
137 verbose headers   'x-cache': 'HIT',
137 verbose headers   'x-cache-hits': '1',
137 verbose headers   'x-timer': 'S1512152610.614912,VS0,VE1',
137 verbose headers   vary: 'Accept-Encoding, Accept' }
138 silly get cb [ 200,
138 silly get   { server: 'nginx/1.10.1',
138 silly get     'content-type': 'application/json',
138 silly get     'last-modified': 'Wed, 29 Nov 2017 10:42:05 GMT',
138 silly get     etag: 'W/"5a1e8efd-e513"',
138 silly get     'content-encoding': 'gzip',
138 silly get     'cache-control': 'max-age=300',
138 silly get     'content-length': '7257',
138 silly get     'accept-ranges': 'bytes',
138 silly get     date: 'Fri, 01 Dec 2017 18:23:29 GMT',
138 silly get     via: '1.1 varnish',
138 silly get     age: '180',
138 silly get     connection: 'keep-alive',
138 silly get     'x-served-by': 'cache-ewr18126-EWR',
138 silly get     'x-cache': 'HIT',
138 silly get     'x-cache-hits': '1',
138 silly get     'x-timer': 'S1512152610.614912,VS0,VE1',
138 silly get     vary: 'Accept-Encoding, Accept' } ]
139 verbose get saving fsevents to /home/hugo/.npm/registry.npmjs.org/fsevents/.cache.json
140 verbose correctMkdir /home/hugo/.npm correctMkdir not in flight; initializing
141 silly resolveWithNewModule fsevents@1.1.3 checking installable status
142 silly loadAllDepsIntoIdealTree Finishing
143 silly loadIdealTree Finishing
144 silly currentTree climate-aware@0.0.1
144 silly currentTree ├── @types/geojson@1.0.6
144 silly currentTree ├── @types/node@8.0.53
144 silly currentTree ├── abbrev@1.1.1
144 silly currentTree ├── accepts@1.3.4
144 silly currentTree ├─┬ acorn-jsx@3.0.1
144 silly currentTree │ └── acorn@3.3.0
144 silly currentTree ├── acorn@5.2.1
144 silly currentTree ├── ajv-keywords@2.1.1
144 silly currentTree ├── ajv@5.3.0
144 silly currentTree ├── align-text@0.1.4
144 silly currentTree ├── amdefine@1.0.1
144 silly currentTree ├── ansi-align@2.0.0
144 silly currentTree ├── ansi-escapes@3.0.0
144 silly currentTree ├── ansi-regex@2.1.1
144 silly currentTree ├── ansi-styles@2.2.1
144 silly currentTree ├── anymatch@1.3.2
144 silly currentTree ├── argparse@1.0.9
144 silly currentTree ├── aria-query@0.7.0
144 silly currentTree ├── arr-diff@2.0.0
144 silly currentTree ├── arr-flatten@1.1.0
144 silly currentTree ├── array-flatten@1.1.1
144 silly currentTree ├── array-includes@3.0.3
144 silly currentTree ├── array-union@1.0.2
144 silly currentTree ├── array-uniq@1.0.3
144 silly currentTree ├── array-unique@0.2.1
144 silly currentTree ├── arrify@1.0.1
144 silly currentTree ├── asap@2.0.6
144 silly currentTree ├── assertion-error@1.0.2
144 silly currentTree ├── ast-types-flow@0.0.7
144 silly currentTree ├── async-each@1.0.1
144 silly currentTree ├── async@1.5.2
144 silly currentTree ├── axobject-query@0.1.0
144 silly currentTree ├─┬ babel-code-frame@6.26.0
144 silly currentTree │ └── chalk@1.1.3
144 silly currentTree ├── babel-runtime@6.26.0
144 silly currentTree ├── balanced-match@1.0.0
144 silly currentTree ├── bcrypt-nodejs@0.0.3
144 silly currentTree ├── binary-extensions@1.10.0
144 silly currentTree ├── bluebird@3.5.1
144 silly currentTree ├── body-parser@1.18.2
144 silly currentTree ├─┬ boxen@1.2.2
144 silly currentTree │ └── camelcase@4.1.0
144 silly currentTree ├── brace-expansion@1.1.8
144 silly currentTree ├── braces@1.8.5
144 silly currentTree ├── browser-stdout@1.3.0
144 silly currentTree ├── buffer-writer@1.0.1
144 silly currentTree ├── builtin-modules@1.1.1
144 silly currentTree ├── bytes@3.0.0
144 silly currentTree ├── caller-path@0.1.0
144 silly currentTree ├── callsites@0.2.0
144 silly currentTree ├── camelcase@1.2.1
144 silly currentTree ├── capture-stack-trace@1.0.0
144 silly currentTree ├── center-align@0.1.3
144 silly currentTree ├── chai@3.5.0
144 silly currentTree ├─┬ chalk@2.3.0
144 silly currentTree │ ├── ansi-styles@3.2.0
144 silly currentTree │ └── supports-color@4.5.0
144 silly currentTree ├── chokidar@1.7.0
144 silly currentTree ├── circular-json@0.3.3
144 silly currentTree ├── cli-boxes@1.0.0
144 silly currentTree ├── cli-color@1.2.0
144 silly currentTree ├── cli-cursor@2.1.0
144 silly currentTree ├── cli-width@2.2.0
144 silly currentTree ├─┬ cliui@2.1.0
144 silly currentTree │ └── wordwrap@0.0.2
144 silly currentTree ├── cls-bluebird@2.0.1
144 silly currentTree ├── co@4.6.0
144 silly currentTree ├── code-point-at@1.1.0
144 silly currentTree ├── color-convert@1.9.1
144 silly currentTree ├── color-name@1.1.3
144 silly currentTree ├── commander@2.11.0
144 silly currentTree ├── concat-map@0.0.1
144 silly currentTree ├── concat-stream@1.6.0
144 silly currentTree ├── config-chain@1.1.11
144 silly currentTree ├── configstore@3.1.1
144 silly currentTree ├── connect-flash@0.1.1
144 silly currentTree ├── contains-path@0.1.0
144 silly currentTree ├── content-disposition@0.5.2
144 silly currentTree ├── content-type@1.0.4
144 silly currentTree ├── cookie-parser@1.4.3
144 silly currentTree ├── cookie-signature@1.0.6
144 silly currentTree ├── cookie@0.3.1
144 silly currentTree ├── core-js@2.5.1
144 silly currentTree ├── core-util-is@1.0.2
144 silly currentTree ├── crc@3.4.4
144 silly currentTree ├── create-error-class@3.0.2
144 silly currentTree ├─┬ cross-spawn@5.1.0
144 silly currentTree │ └── lru-cache@4.1.1
144 silly currentTree ├── crypto-random-string@1.0.0
144 silly currentTree ├── d@1.0.0
144 silly currentTree ├── damerau-levenshtein@1.0.4
144 silly currentTree ├── debug@2.6.9
144 silly currentTree ├── decamelize@1.2.0
144 silly currentTree ├─┬ deep-eql@0.1.3
144 silly currentTree │ └── type-detect@0.1.1
144 silly currentTree ├── deep-extend@0.4.2
144 silly currentTree ├── deep-is@0.1.3
144 silly currentTree ├── define-properties@1.1.2
144 silly currentTree ├── del@2.2.2
144 silly currentTree ├── depd@1.1.1
144 silly currentTree ├── destroy@1.0.4
144 silly currentTree ├── diff@1.4.0
144 silly currentTree ├── doctrine@2.0.0
144 silly currentTree ├── dot-prop@4.2.0
144 silly currentTree ├── dottie@2.0.0
144 silly currentTree ├── duplexer@0.1.1
144 silly currentTree ├── duplexer3@0.1.4
144 silly currentTree ├─┬ editorconfig@0.13.3
144 silly currentTree │ └── semver@5.4.1
144 silly currentTree ├── ee-first@1.1.1
144 silly currentTree ├── emoji-regex@6.5.1
144 silly currentTree ├── encodeurl@1.0.1
144 silly currentTree ├── encoding@0.1.12
144 silly currentTree ├── error-ex@1.3.1
144 silly currentTree ├── es-abstract@1.9.0
144 silly currentTree ├── es-to-primitive@1.1.1
144 silly currentTree ├── es5-ext@0.10.35
144 silly currentTree ├── es6-iterator@2.0.3
144 silly currentTree ├── es6-promise@3.3.1
144 silly currentTree ├── es6-symbol@3.1.1
144 silly currentTree ├── es6-weak-map@2.0.2
144 silly currentTree ├── escape-html@1.0.3
144 silly currentTree ├── escape-string-regexp@1.0.5
144 silly currentTree ├── eslint-config-airbnb-base@12.1.0
144 silly currentTree ├── eslint-config-airbnb@16.1.0
144 silly currentTree ├── eslint-import-resolver-node@0.3.1
144 silly currentTree ├── eslint-module-utils@2.1.1
144 silly currentTree ├─┬ eslint-plugin-import@2.8.0
144 silly currentTree │ └── doctrine@1.5.0
144 silly currentTree ├── eslint-plugin-jsx-a11y@6.0.2
144 silly currentTree ├─┬ eslint-plugin-react@7.4.0
144 silly currentTree │ └── jsx-ast-utils@2.0.1
144 silly currentTree ├── eslint-restricted-globals@0.1.1
144 silly currentTree ├── eslint-scope@3.7.1
144 silly currentTree ├─┬ eslint@4.11.0
144 silly currentTree │ ├── ansi-regex@3.0.0
144 silly currentTree │ ├── debug@3.1.0
144 silly currentTree │ ├── glob@7.1.2
144 silly currentTree │ ├── semver@5.4.1
144 silly currentTree │ └── strip-ansi@4.0.0
144 silly currentTree ├── espree@3.5.2
144 silly currentTree ├── esprima@4.0.0
144 silly currentTree ├── esquery@1.0.0
144 silly currentTree ├── esrecurse@4.2.0
144 silly currentTree ├── estraverse@4.2.0
144 silly currentTree ├── esutils@2.0.2
144 silly currentTree ├── etag@1.8.1
144 silly currentTree ├── event-emitter@0.3.5
144 silly currentTree ├─┬ event-stream@3.3.4
144 silly currentTree │ └── split@0.3.3
144 silly currentTree ├── execa@0.7.0
144 silly currentTree ├── expand-brackets@0.1.5
144 silly currentTree ├── expand-range@1.8.2
144 silly currentTree ├── express-handlebars@3.0.0
144 silly currentTree ├── express-session@1.15.6
144 silly currentTree ├─┬ express@4.16.1
144 silly currentTree │ ├── setprototypeof@1.1.0
144 silly currentTree │ └── statuses@1.3.1
144 silly currentTree ├── external-editor@2.0.5
144 silly currentTree ├── extglob@0.3.2
144 silly currentTree ├── fast-deep-equal@1.0.0
144 silly currentTree ├── fast-json-stable-stringify@2.0.0
144 silly currentTree ├── fast-levenshtein@2.0.6
144 silly currentTree ├─┬ fbjs@0.8.16
144 silly currentTree │ └── core-js@1.2.7
144 silly currentTree ├── figures@2.0.0
144 silly currentTree ├── file-entry-cache@2.0.0
144 silly currentTree ├── filename-regex@2.0.1
144 silly currentTree ├── fill-range@2.2.3
144 silly currentTree ├─┬ finalhandler@1.1.0
144 silly currentTree │ └── statuses@1.3.1
144 silly currentTree ├── find-up@2.1.0
144 silly currentTree ├── flat-cache@1.3.0
144 silly currentTree ├── for-in@1.0.2
144 silly currentTree ├── for-own@0.1.5
144 silly currentTree ├── foreach@2.0.5
144 silly currentTree ├── forwarded@0.1.2
144 silly currentTree ├── fresh@0.5.2
144 silly currentTree ├── from@0.1.7
144 silly currentTree ├── fs-extra@4.0.2
144 silly currentTree ├── fs.realpath@1.0.0
144 silly currentTree ├── function-bind@1.1.1
144 silly currentTree ├── functional-red-black-tree@1.0.1
144 silly currentTree ├── generic-pool@3.2.0
144 silly currentTree ├── get-caller-file@1.0.2
144 silly currentTree ├── get-stream@3.0.0
144 silly currentTree ├── glob-base@0.3.0
144 silly currentTree ├── glob-parent@2.0.0
144 silly currentTree ├── glob@6.0.4
144 silly currentTree ├── global-dirs@0.1.0
144 silly currentTree ├── globals@9.18.0
144 silly currentTree ├─┬ globby@5.0.0
144 silly currentTree │ └── glob@7.1.2
144 silly currentTree ├── got@6.7.1
144 silly currentTree ├── graceful-fs@4.1.11
144 silly currentTree ├── graceful-readlink@1.0.1
144 silly currentTree ├── growl@1.9.2
144 silly currentTree ├── handlebars@4.0.11
144 silly currentTree ├── has-ansi@2.0.0
144 silly currentTree ├── has-flag@2.0.0
144 silly currentTree ├── has@1.0.1
144 silly currentTree ├── heatmap.js@2.0.5
144 silly currentTree ├── hosted-git-info@2.5.0
144 silly currentTree ├── http-errors@1.6.2
144 silly currentTree ├── iconv-lite@0.4.19
144 silly currentTree ├── ignore-by-default@1.0.1
144 silly currentTree ├── ignore@3.3.7
144 silly currentTree ├── import-lazy@2.1.0
144 silly currentTree ├── imurmurhash@0.1.4
144 silly currentTree ├── inflection@1.12.0
144 silly currentTree ├── inflight@1.0.6
144 silly currentTree ├── inherits@2.0.3
144 silly currentTree ├── ini@1.3.4
144 silly currentTree ├─┬ inquirer@3.3.0
144 silly currentTree │ ├── ansi-regex@3.0.0
144 silly currentTree │ └── strip-ansi@4.0.0
144 silly currentTree ├── invert-kv@1.0.0
144 silly currentTree ├── iobuffer@3.2.0
144 silly currentTree ├── ipaddr.js@1.5.2
144 silly currentTree ├── is-arrayish@0.2.1
144 silly currentTree ├── is-binary-path@1.0.1
144 silly currentTree ├── is-bluebird@1.0.2
144 silly currentTree ├── is-buffer@1.1.6
144 silly currentTree ├── is-builtin-module@1.0.0
144 silly currentTree ├── is-callable@1.1.3
144 silly currentTree ├── is-date-object@1.0.1
144 silly currentTree ├── is-dotfile@1.0.3
144 silly currentTree ├── is-equal-shallow@0.1.3
144 silly currentTree ├── is-extendable@0.1.1
144 silly currentTree ├── is-extglob@1.0.0
144 silly currentTree ├── is-fullwidth-code-point@1.0.0
144 silly currentTree ├── is-glob@2.0.1
144 silly currentTree ├── is-installed-globally@0.1.0
144 silly currentTree ├── is-npm@1.0.0
144 silly currentTree ├── is-number@2.1.0
144 silly currentTree ├── is-obj@1.0.1
144 silly currentTree ├── is-path-cwd@1.0.0
144 silly currentTree ├── is-path-in-cwd@1.0.0
144 silly currentTree ├── is-path-inside@1.0.0
144 silly currentTree ├── is-posix-bracket@0.1.1
144 silly currentTree ├── is-primitive@2.0.0
144 silly currentTree ├── is-promise@2.1.0
144 silly currentTree ├── is-redirect@1.0.0
144 silly currentTree ├── is-regex@1.0.4
144 silly currentTree ├── is-resolvable@1.0.0
144 silly currentTree ├── is-retry-allowed@1.1.0
144 silly currentTree ├── is-stream@1.1.0
144 silly currentTree ├── is-symbol@1.0.1
144 silly currentTree ├── isarray@1.0.0
144 silly currentTree ├── isexe@2.0.0
144 silly currentTree ├── isobject@2.1.0
144 silly currentTree ├── isomorphic-fetch@2.2.1
144 silly currentTree ├── js-beautify@1.7.4
144 silly currentTree ├── js-string-escape@1.0.1
144 silly currentTree ├── js-tokens@3.0.2
144 silly currentTree ├── js-yaml@3.10.0
144 silly currentTree ├── jschardet@1.6.0
144 silly currentTree ├── json-schema-traverse@0.3.1
144 silly currentTree ├── json-stable-stringify-without-jsonify@1.0.1
144 silly currentTree ├── json3@3.3.2
144 silly currentTree ├── jsonfile@4.0.0
144 silly currentTree ├── jsx-ast-utils@1.4.1
144 silly currentTree ├── kind-of@3.2.2
144 silly currentTree ├── latest-version@3.1.0
144 silly currentTree ├── lazy-cache@1.0.4
144 silly currentTree ├── lcid@1.0.0
144 silly currentTree ├── leaflet-heatmap@1.0.0
144 silly currentTree ├── leaflet@1.2.0
144 silly currentTree ├── levn@0.3.0
144 silly currentTree ├── load-json-file@2.0.0
144 silly currentTree ├── locate-path@2.0.0
144 silly currentTree ├── lodash._baseassign@3.2.0
144 silly currentTree ├── lodash._basecopy@3.0.1
144 silly currentTree ├── lodash._basecreate@3.0.3
144 silly currentTree ├── lodash._bindcallback@3.0.1
144 silly currentTree ├── lodash._createassigner@3.1.1
144 silly currentTree ├── lodash._getnative@3.9.1
144 silly currentTree ├── lodash._isiterateecall@3.0.9
144 silly currentTree ├── lodash.assign@3.2.0
144 silly currentTree ├── lodash.cond@4.5.2
144 silly currentTree ├── lodash.create@3.1.1
144 silly currentTree ├── lodash.defaults@3.1.2
144 silly currentTree ├── lodash.isarguments@3.1.0
144 silly currentTree ├── lodash.isarray@3.0.4
144 silly currentTree ├── lodash.keys@3.1.2
144 silly currentTree ├── lodash.restparam@3.6.1
144 silly currentTree ├── lodash@4.17.4
144 silly currentTree ├── longest@1.0.1
144 silly currentTree ├── loose-envify@1.3.1
144 silly currentTree ├── lowercase-keys@1.0.0
144 silly currentTree ├── lru-cache@3.2.0
144 silly currentTree ├── lru-queue@0.1.0
144 silly currentTree ├─┬ make-dir@1.1.0
144 silly currentTree │ └── pify@3.0.0
144 silly currentTree ├── map-stream@0.1.0
144 silly currentTree ├── media-typer@0.3.0
144 silly currentTree ├── mem@1.1.0
144 silly currentTree ├── memoizee@0.4.11
144 silly currentTree ├── merge-descriptors@1.0.1
144 silly currentTree ├── method-override@2.3.10
144 silly currentTree ├── methods@1.1.2
144 silly currentTree ├── micromatch@2.3.11
144 silly currentTree ├── mime-db@1.30.0
144 silly currentTree ├── mime-types@2.1.17
144 silly currentTree ├── mime@1.4.1
144 silly currentTree ├── mimic-fn@1.1.0
144 silly currentTree ├── minimatch@3.0.4
144 silly currentTree ├── minimist@0.0.10
144 silly currentTree ├─┬ mkdirp@0.5.1
144 silly currentTree │ └── minimist@0.0.8
144 silly currentTree ├─┬ mocha@3.0.2
144 silly currentTree │ ├── commander@2.9.0
144 silly currentTree │ ├── debug@2.2.0
144 silly currentTree │ ├── glob@7.0.5
144 silly currentTree │ ├── has-flag@1.0.0
144 silly currentTree │ ├── ms@0.7.1
144 silly currentTree │ └── supports-color@3.1.2
144 silly currentTree ├── moment-timezone@0.5.14
144 silly currentTree ├── moment@2.19.2
144 silly currentTree ├── ms@2.0.0
144 silly currentTree ├── mute-stream@0.0.7
144 silly currentTree ├── natural-compare@1.4.0
144 silly currentTree ├── negotiator@0.6.1
144 silly currentTree ├── netcdfjs@0.3.1
144 silly currentTree ├── next-tick@1.0.0
144 silly currentTree ├── node-fetch@1.7.3
144 silly currentTree ├── nodemon@1.12.1
144 silly currentTree ├── nopt@3.0.6
144 silly currentTree ├── normalize-package-data@2.4.0
144 silly currentTree ├── normalize-path@2.1.1
144 silly currentTree ├── npm-run-path@2.0.2
144 silly currentTree ├── number-is-nan@1.0.1
144 silly currentTree ├── object-assign@4.1.1
144 silly currentTree ├── object-keys@1.0.11
144 silly currentTree ├── object.assign@4.0.4
144 silly currentTree ├── object.omit@2.0.1
144 silly currentTree ├── on-finished@2.3.0
144 silly currentTree ├── on-headers@1.0.1
144 silly currentTree ├── once@1.4.0
144 silly currentTree ├── onetime@2.0.1
144 silly currentTree ├── optimist@0.6.1
144 silly currentTree ├─┬ optionator@0.8.2
144 silly currentTree │ └── wordwrap@1.0.0
144 silly currentTree ├── os-locale@2.1.0
144 silly currentTree ├── os-tmpdir@1.0.2
144 silly currentTree ├── p-finally@1.0.0
144 silly currentTree ├── p-limit@1.1.0
144 silly currentTree ├── p-locate@2.0.0
144 silly currentTree ├─┬ package-json@4.0.1
144 silly currentTree │ └── semver@5.4.1
144 silly currentTree ├── packet-reader@0.3.1
144 silly currentTree ├── parse-glob@3.0.4
144 silly currentTree ├── parse-json@2.2.0
144 silly currentTree ├── parseurl@1.3.2
144 silly currentTree ├── passport-local@1.0.0
144 silly currentTree ├── passport-strategy@1.0.0
144 silly currentTree ├── passport@0.4.0
144 silly currentTree ├── path-exists@3.0.0
144 silly currentTree ├── path-is-absolute@1.0.1
144 silly currentTree ├── path-is-inside@1.0.2
144 silly currentTree ├── path-key@2.0.1
144 silly currentTree ├── path-parse@1.0.5
144 silly currentTree ├── path-to-regexp@0.1.7
144 silly currentTree ├── path-type@2.0.0
144 silly currentTree ├── pause-stream@0.0.11
144 silly currentTree ├── pause@0.0.1
144 silly currentTree ├── pg-connection-string@0.1.3
144 silly currentTree ├── pg-hstore@2.3.2
144 silly currentTree ├── pg-pool@2.0.3
144 silly currentTree ├── pg-types@1.12.1
144 silly currentTree ├── pg@7.3.0
144 silly currentTree ├── pgpass@1.0.2
144 silly currentTree ├── pify@2.3.0
144 silly currentTree ├── pinkie-promise@2.0.1
144 silly currentTree ├── pinkie@2.0.4
144 silly currentTree ├─┬ pkg-dir@1.0.0
144 silly currentTree │ ├── find-up@1.1.2
144 silly currentTree │ └── path-exists@2.1.0
144 silly currentTree ├── pluralize@7.0.0
144 silly currentTree ├── postgres-array@1.0.2
144 silly currentTree ├── postgres-bytea@1.0.0
144 silly currentTree ├── postgres-date@1.0.3
144 silly currentTree ├── postgres-interval@1.1.1
144 silly currentTree ├── prelude-ls@1.1.2
144 silly currentTree ├── prepend-http@1.0.4
144 silly currentTree ├── preserve@0.2.0
144 silly currentTree ├── process-nextick-args@1.0.7
144 silly currentTree ├── progress@2.0.0
144 silly currentTree ├── promise@7.3.1
144 silly currentTree ├── prop-types@15.6.0
144 silly currentTree ├── proto-list@1.2.4
144 silly currentTree ├── proxy-addr@2.0.2
144 silly currentTree ├── ps-tree@1.1.0
144 silly currentTree ├── pseudomap@1.0.2
144 silly currentTree ├── qs@6.5.1
144 silly currentTree ├── random-bytes@1.0.0
144 silly currentTree ├─┬ randomatic@1.1.7
144 silly currentTree │ ├─┬ is-number@3.0.0
144 silly currentTree │ │ └── kind-of@3.2.2
144 silly currentTree │ └── kind-of@4.0.0
144 silly currentTree ├── range-parser@1.2.0
144 silly currentTree ├── raw-body@2.3.2
144 silly currentTree ├─┬ rc@1.2.2
144 silly currentTree │ └── minimist@1.2.0
144 silly currentTree ├── read-pkg-up@2.0.0
144 silly currentTree ├── read-pkg@2.0.0
144 silly currentTree ├── readable-stream@2.3.3
144 silly currentTree ├── readdirp@2.1.0
144 silly currentTree ├── regenerator-runtime@0.11.0
144 silly currentTree ├── regex-cache@0.4.4
144 silly currentTree ├── registry-auth-token@3.3.1
144 silly currentTree ├── registry-url@3.1.0
144 silly currentTree ├── remove-trailing-separator@1.1.0
144 silly currentTree ├── repeat-element@1.1.2
144 silly currentTree ├── repeat-string@1.6.1
144 silly currentTree ├── require-directory@2.1.1
144 silly currentTree ├── require-main-filename@1.0.1
144 silly currentTree ├── require-uncached@1.0.3
144 silly currentTree ├── resolve-from@1.0.1
144 silly currentTree ├── resolve@1.5.0
144 silly currentTree ├── restore-cursor@2.0.0
144 silly currentTree ├── retry-as-promised@2.3.2
144 silly currentTree ├── right-align@0.1.3
144 silly currentTree ├─┬ rimraf@2.6.2
144 silly currentTree │ └── glob@7.1.2
144 silly currentTree ├── run-async@2.3.0
144 silly currentTree ├── rx-lite-aggregates@4.0.8
144 silly currentTree ├── rx-lite@4.0.8
144 silly currentTree ├── safe-buffer@5.1.1
144 silly currentTree ├─┬ semver-diff@2.1.0
144 silly currentTree │ └── semver@5.4.1
144 silly currentTree ├── semver@4.3.2
144 silly currentTree ├─┬ send@0.16.1
144 silly currentTree │ └── statuses@1.3.1
144 silly currentTree ├─┬ sequelize-cli@3.0.0
144 silly currentTree │ ├── camelcase@4.1.0
144 silly currentTree │ ├─┬ cliui@3.2.0
144 silly currentTree │ │ └── string-width@1.0.2
144 silly currentTree │ └── yargs@8.0.2
144 silly currentTree ├─┬ sequelize@4.13.3
144 silly currentTree │ ├── debug@3.1.0
144 silly currentTree │ └── semver@5.4.1
144 silly currentTree ├── serve-static@1.13.1
144 silly currentTree ├── set-blocking@2.0.0
144 silly currentTree ├── set-immediate-shim@1.0.1
144 silly currentTree ├── setimmediate@1.0.5
144 silly currentTree ├── setprototypeof@1.0.3
144 silly currentTree ├── shebang-command@1.2.0
144 silly currentTree ├── shebang-regex@1.0.0
144 silly currentTree ├── shimmer@1.1.0
144 silly currentTree ├── sigmund@1.0.1
144 silly currentTree ├── signal-exit@3.0.2
144 silly currentTree ├─┬ slice-ansi@1.0.0
144 silly currentTree │ └── is-fullwidth-code-point@2.0.0
144 silly currentTree ├── source-map@0.4.4
144 silly currentTree ├── spdx-correct@1.0.2
144 silly currentTree ├── spdx-expression-parse@1.0.4
144 silly currentTree ├── spdx-license-ids@1.2.2
144 silly currentTree ├── speakingurl@14.0.1
144 silly currentTree ├── split@1.0.1
144 silly currentTree ├── sprintf-js@1.0.3
144 silly currentTree ├── statuses@1.4.0
144 silly currentTree ├── stream-combiner@0.0.4
144 silly currentTree ├── string_decoder@1.0.3
144 silly currentTree ├─┬ string-width@2.1.1
144 silly currentTree │ ├── ansi-regex@3.0.0
144 silly currentTree │ ├── is-fullwidth-code-point@2.0.0
144 silly currentTree │ └── strip-ansi@4.0.0
144 silly currentTree ├── strip-ansi@3.0.1
144 silly currentTree ├── strip-bom@3.0.0
144 silly currentTree ├── strip-eof@1.0.0
144 silly currentTree ├── strip-json-comments@2.0.1
144 silly currentTree ├── supports-color@2.0.0
144 silly currentTree ├── table@4.0.2
144 silly currentTree ├── term-size@1.2.0
144 silly currentTree ├── terraformer-wkt-parser@1.1.2
144 silly currentTree ├── terraformer@1.0.8
144 silly currentTree ├── text-table@0.2.0
144 silly currentTree ├── through@2.3.8
144 silly currentTree ├── timed-out@4.0.1
144 silly currentTree ├── timers-ext@0.1.2
144 silly currentTree ├── tmp@0.0.33
144 silly currentTree ├── toposort-class@1.0.1
144 silly currentTree ├─┬ touch@3.1.0
144 silly currentTree │ └── nopt@1.0.10
144 silly currentTree ├── tryit@1.0.3
144 silly currentTree ├── type-check@0.3.2
144 silly currentTree ├── type-detect@1.0.0
144 silly currentTree ├── type-is@1.6.15
144 silly currentTree ├── typedarray@0.0.6
144 silly currentTree ├── ua-parser-js@0.7.17
144 silly currentTree ├─┬ uglify-js@2.8.29
144 silly currentTree │ └── source-map@0.5.7
144 silly currentTree ├── uglify-to-browserify@1.0.2
144 silly currentTree ├── uid-safe@2.1.5
144 silly currentTree ├── umzug@2.1.0
144 silly currentTree ├── undefsafe@0.0.3
144 silly currentTree ├── underscore@1.8.3
144 silly currentTree ├── unique-string@1.0.0
144 silly currentTree ├── universalify@0.1.1
144 silly currentTree ├── unpipe@1.0.0
144 silly currentTree ├── unzip-response@2.0.1
144 silly currentTree ├── update-notifier@2.3.0
144 silly currentTree ├── url-parse-lax@1.0.0
144 silly currentTree ├── utf8@2.1.2
144 silly currentTree ├── util-deprecate@1.0.2
144 silly currentTree ├── utils-merge@1.0.1
144 silly currentTree ├── uuid@3.1.0
144 silly currentTree ├── validate-npm-package-license@3.0.1
144 silly currentTree ├── validator@8.2.0
144 silly currentTree ├── vary@1.1.2
144 silly currentTree ├── whatwg-fetch@2.0.3
144 silly currentTree ├── which-module@2.0.0
144 silly currentTree ├── which@1.3.0
144 silly currentTree ├─┬ widest-line@1.0.0
144 silly currentTree │ └── string-width@1.0.2
144 silly currentTree ├── window-size@0.1.0
144 silly currentTree ├── wkx@0.4.2
144 silly currentTree ├── wordwrap@0.0.3
144 silly currentTree ├─┬ wrap-ansi@2.1.0
144 silly currentTree │ └── string-width@1.0.2
144 silly currentTree ├── wrappy@1.0.2
144 silly currentTree ├── write-file-atomic@2.3.0
144 silly currentTree ├── write@0.2.1
144 silly currentTree ├── xdg-basedir@3.0.0
144 silly currentTree ├── xtend@4.0.1
144 silly currentTree ├── y18n@3.2.1
144 silly currentTree ├── yallist@2.1.2
144 silly currentTree ├─┬ yargs-parser@7.0.0
144 silly currentTree │ └── camelcase@4.1.0
144 silly currentTree └── yargs@3.10.0
145 silly idealTree climate-aware@0.0.1
145 silly idealTree ├── @types/geojson@1.0.6
145 silly idealTree ├── @types/node@8.0.53
145 silly idealTree ├── abbrev@1.1.1
145 silly idealTree ├── accepts@1.3.4
145 silly idealTree ├─┬ acorn-jsx@3.0.1
145 silly idealTree │ └── acorn@3.3.0
145 silly idealTree ├── acorn@5.2.1
145 silly idealTree ├── ajv-keywords@2.1.1
145 silly idealTree ├── ajv@5.3.0
145 silly idealTree ├── align-text@0.1.4
145 silly idealTree ├── amdefine@1.0.1
145 silly idealTree ├── ansi-align@2.0.0
145 silly idealTree ├── ansi-escapes@3.0.0
145 silly idealTree ├── ansi-regex@2.1.1
145 silly idealTree ├── ansi-styles@2.2.1
145 silly idealTree ├── anymatch@1.3.2
145 silly idealTree ├── argparse@1.0.9
145 silly idealTree ├── aria-query@0.7.0
145 silly idealTree ├── arr-diff@2.0.0
145 silly idealTree ├── arr-flatten@1.1.0
145 silly idealTree ├── array-flatten@1.1.1
145 silly idealTree ├── array-includes@3.0.3
145 silly idealTree ├── array-union@1.0.2
145 silly idealTree ├── array-uniq@1.0.3
145 silly idealTree ├── array-unique@0.2.1
145 silly idealTree ├── arrify@1.0.1
145 silly idealTree ├── asap@2.0.6
145 silly idealTree ├── assertion-error@1.0.2
145 silly idealTree ├── ast-types-flow@0.0.7
145 silly idealTree ├── async-each@1.0.1
145 silly idealTree ├── async@1.5.2
145 silly idealTree ├── axobject-query@0.1.0
145 silly idealTree ├─┬ babel-code-frame@6.26.0
145 silly idealTree │ └── chalk@1.1.3
145 silly idealTree ├── babel-runtime@6.26.0
145 silly idealTree ├── balanced-match@1.0.0
145 silly idealTree ├── bcrypt-nodejs@0.0.3
145 silly idealTree ├── binary-extensions@1.10.0
145 silly idealTree ├── bluebird@3.5.1
145 silly idealTree ├── body-parser@1.18.2
145 silly idealTree ├─┬ boxen@1.2.2
145 silly idealTree │ └── camelcase@4.1.0
145 silly idealTree ├── brace-expansion@1.1.8
145 silly idealTree ├── braces@1.8.5
145 silly idealTree ├── browser-stdout@1.3.0
145 silly idealTree ├── buffer-writer@1.0.1
145 silly idealTree ├── builtin-modules@1.1.1
145 silly idealTree ├── bytes@3.0.0
145 silly idealTree ├── caller-path@0.1.0
145 silly idealTree ├── callsites@0.2.0
145 silly idealTree ├── camelcase@1.2.1
145 silly idealTree ├── capture-stack-trace@1.0.0
145 silly idealTree ├── center-align@0.1.3
145 silly idealTree ├── chai@3.5.0
145 silly idealTree ├─┬ chalk@2.3.0
145 silly idealTree │ ├── ansi-styles@3.2.0
145 silly idealTree │ └── supports-color@4.5.0
145 silly idealTree ├── chokidar@1.7.0
145 silly idealTree ├── circular-json@0.3.3
145 silly idealTree ├── cli-boxes@1.0.0
145 silly idealTree ├── cli-color@1.2.0
145 silly idealTree ├── cli-cursor@2.1.0
145 silly idealTree ├── cli-width@2.2.0
145 silly idealTree ├─┬ cliui@2.1.0
145 silly idealTree │ └── wordwrap@0.0.2
145 silly idealTree ├── cls-bluebird@2.0.1
145 silly idealTree ├── co@4.6.0
145 silly idealTree ├── code-point-at@1.1.0
145 silly idealTree ├── color-convert@1.9.1
145 silly idealTree ├── color-name@1.1.3
145 silly idealTree ├── commander@2.11.0
145 silly idealTree ├── concat-map@0.0.1
145 silly idealTree ├── concat-stream@1.6.0
145 silly idealTree ├── config-chain@1.1.11
145 silly idealTree ├── configstore@3.1.1
145 silly idealTree ├── connect-flash@0.1.1
145 silly idealTree ├── contains-path@0.1.0
145 silly idealTree ├── content-disposition@0.5.2
145 silly idealTree ├── content-type@1.0.4
145 silly idealTree ├── cookie-parser@1.4.3
145 silly idealTree ├── cookie-signature@1.0.6
145 silly idealTree ├── cookie@0.3.1
145 silly idealTree ├── core-js@2.5.1
145 silly idealTree ├── core-util-is@1.0.2
145 silly idealTree ├── crc@3.4.4
145 silly idealTree ├── create-error-class@3.0.2
145 silly idealTree ├─┬ cross-spawn@5.1.0
145 silly idealTree │ └── lru-cache@4.1.1
145 silly idealTree ├── crypto-random-string@1.0.0
145 silly idealTree ├── d@1.0.0
145 silly idealTree ├── damerau-levenshtein@1.0.4
145 silly idealTree ├── debug@2.6.9
145 silly idealTree ├── decamelize@1.2.0
145 silly idealTree ├─┬ deep-eql@0.1.3
145 silly idealTree │ └── type-detect@0.1.1
145 silly idealTree ├── deep-extend@0.4.2
145 silly idealTree ├── deep-is@0.1.3
145 silly idealTree ├── define-properties@1.1.2
145 silly idealTree ├── del@2.2.2
145 silly idealTree ├── depd@1.1.1
145 silly idealTree ├── destroy@1.0.4
145 silly idealTree ├── diff@1.4.0
145 silly idealTree ├── doctrine@2.0.0
145 silly idealTree ├── dot-prop@4.2.0
145 silly idealTree ├── dottie@2.0.0
145 silly idealTree ├── duplexer@0.1.1
145 silly idealTree ├── duplexer3@0.1.4
145 silly idealTree ├─┬ editorconfig@0.13.3
145 silly idealTree │ └── semver@5.4.1
145 silly idealTree ├── ee-first@1.1.1
145 silly idealTree ├── emoji-regex@6.5.1
145 silly idealTree ├── encodeurl@1.0.1
145 silly idealTree ├── encoding@0.1.12
145 silly idealTree ├── error-ex@1.3.1
145 silly idealTree ├── es-abstract@1.9.0
145 silly idealTree ├── es-to-primitive@1.1.1
145 silly idealTree ├── es5-ext@0.10.35
145 silly idealTree ├── es6-iterator@2.0.3
145 silly idealTree ├── es6-promise@3.3.1
145 silly idealTree ├── es6-symbol@3.1.1
145 silly idealTree ├── es6-weak-map@2.0.2
145 silly idealTree ├── escape-html@1.0.3
145 silly idealTree ├── escape-string-regexp@1.0.5
145 silly idealTree ├── eslint-config-airbnb-base@12.1.0
145 silly idealTree ├── eslint-config-airbnb@16.1.0
145 silly idealTree ├── eslint-import-resolver-node@0.3.1
145 silly idealTree ├── eslint-module-utils@2.1.1
145 silly idealTree ├─┬ eslint-plugin-import@2.8.0
145 silly idealTree │ └── doctrine@1.5.0
145 silly idealTree ├── eslint-plugin-jsx-a11y@6.0.2
145 silly idealTree ├─┬ eslint-plugin-react@7.4.0
145 silly idealTree │ └── jsx-ast-utils@2.0.1
145 silly idealTree ├── eslint-restricted-globals@0.1.1
145 silly idealTree ├── eslint-scope@3.7.1
145 silly idealTree ├─┬ eslint@4.11.0
145 silly idealTree │ ├── ansi-regex@3.0.0
145 silly idealTree │ ├── debug@3.1.0
145 silly idealTree │ ├── glob@7.1.2
145 silly idealTree │ ├── semver@5.4.1
145 silly idealTree │ └── strip-ansi@4.0.0
145 silly idealTree ├── espree@3.5.2
145 silly idealTree ├── esprima@4.0.0
145 silly idealTree ├── esquery@1.0.0
145 silly idealTree ├── esrecurse@4.2.0
145 silly idealTree ├── estraverse@4.2.0
145 silly idealTree ├── esutils@2.0.2
145 silly idealTree ├── etag@1.8.1
145 silly idealTree ├── event-emitter@0.3.5
145 silly idealTree ├─┬ event-stream@3.3.4
145 silly idealTree │ └── split@0.3.3
145 silly idealTree ├── execa@0.7.0
145 silly idealTree ├── expand-brackets@0.1.5
145 silly idealTree ├── expand-range@1.8.2
145 silly idealTree ├── express-handlebars@3.0.0
145 silly idealTree ├── express-session@1.15.6
145 silly idealTree ├─┬ express@4.16.1
145 silly idealTree │ ├── setprototypeof@1.1.0
145 silly idealTree │ └── statuses@1.3.1
145 silly idealTree ├── external-editor@2.0.5
145 silly idealTree ├── extglob@0.3.2
145 silly idealTree ├── fast-deep-equal@1.0.0
145 silly idealTree ├── fast-json-stable-stringify@2.0.0
145 silly idealTree ├── fast-levenshtein@2.0.6
145 silly idealTree ├─┬ fbjs@0.8.16
145 silly idealTree │ └── core-js@1.2.7
145 silly idealTree ├── figures@2.0.0
145 silly idealTree ├── file-entry-cache@2.0.0
145 silly idealTree ├── filename-regex@2.0.1
145 silly idealTree ├── fill-range@2.2.3
145 silly idealTree ├─┬ finalhandler@1.1.0
145 silly idealTree │ └── statuses@1.3.1
145 silly idealTree ├── find-up@2.1.0
145 silly idealTree ├── flat-cache@1.3.0
145 silly idealTree ├── for-in@1.0.2
145 silly idealTree ├── for-own@0.1.5
145 silly idealTree ├── foreach@2.0.5
145 silly idealTree ├── forwarded@0.1.2
145 silly idealTree ├── fresh@0.5.2
145 silly idealTree ├── from@0.1.7
145 silly idealTree ├── fs-extra@4.0.2
145 silly idealTree ├── fs.realpath@1.0.0
145 silly idealTree ├── function-bind@1.1.1
145 silly idealTree ├── functional-red-black-tree@1.0.1
145 silly idealTree ├── generic-pool@3.2.0
145 silly idealTree ├── get-caller-file@1.0.2
145 silly idealTree ├── get-stream@3.0.0
145 silly idealTree ├── glob-base@0.3.0
145 silly idealTree ├── glob-parent@2.0.0
145 silly idealTree ├── glob@6.0.4
145 silly idealTree ├── global-dirs@0.1.0
145 silly idealTree ├── globals@9.18.0
145 silly idealTree ├─┬ globby@5.0.0
145 silly idealTree │ └── glob@7.1.2
145 silly idealTree ├── got@6.7.1
145 silly idealTree ├── graceful-fs@4.1.11
145 silly idealTree ├── graceful-readlink@1.0.1
145 silly idealTree ├── growl@1.9.2
145 silly idealTree ├── handlebars@4.0.11
145 silly idealTree ├── has-ansi@2.0.0
145 silly idealTree ├── has-flag@2.0.0
145 silly idealTree ├── has@1.0.1
145 silly idealTree ├── heatmap.js@2.0.5
145 silly idealTree ├── hosted-git-info@2.5.0
145 silly idealTree ├── http-errors@1.6.2
145 silly idealTree ├── iconv-lite@0.4.19
145 silly idealTree ├── ignore-by-default@1.0.1
145 silly idealTree ├── ignore@3.3.7
145 silly idealTree ├── import-lazy@2.1.0
145 silly idealTree ├── imurmurhash@0.1.4
145 silly idealTree ├── inflection@1.12.0
145 silly idealTree ├── inflight@1.0.6
145 silly idealTree ├── inherits@2.0.3
145 silly idealTree ├── ini@1.3.4
145 silly idealTree ├─┬ inquirer@3.3.0
145 silly idealTree │ ├── ansi-regex@3.0.0
145 silly idealTree │ └── strip-ansi@4.0.0
145 silly idealTree ├── invert-kv@1.0.0
145 silly idealTree ├── iobuffer@3.2.0
145 silly idealTree ├── ipaddr.js@1.5.2
145 silly idealTree ├── is-arrayish@0.2.1
145 silly idealTree ├── is-binary-path@1.0.1
145 silly idealTree ├── is-bluebird@1.0.2
145 silly idealTree ├── is-buffer@1.1.6
145 silly idealTree ├── is-builtin-module@1.0.0
145 silly idealTree ├── is-callable@1.1.3
145 silly idealTree ├── is-date-object@1.0.1
145 silly idealTree ├── is-dotfile@1.0.3
145 silly idealTree ├── is-equal-shallow@0.1.3
145 silly idealTree ├── is-extendable@0.1.1
145 silly idealTree ├── is-extglob@1.0.0
145 silly idealTree ├── is-fullwidth-code-point@1.0.0
145 silly idealTree ├── is-glob@2.0.1
145 silly idealTree ├── is-installed-globally@0.1.0
145 silly idealTree ├── is-npm@1.0.0
145 silly idealTree ├── is-number@2.1.0
145 silly idealTree ├── is-obj@1.0.1
145 silly idealTree ├── is-path-cwd@1.0.0
145 silly idealTree ├── is-path-in-cwd@1.0.0
145 silly idealTree ├── is-path-inside@1.0.0
145 silly idealTree ├── is-posix-bracket@0.1.1
145 silly idealTree ├── is-primitive@2.0.0
145 silly idealTree ├── is-promise@2.1.0
145 silly idealTree ├── is-redirect@1.0.0
145 silly idealTree ├── is-regex@1.0.4
145 silly idealTree ├── is-resolvable@1.0.0
145 silly idealTree ├── is-retry-allowed@1.1.0
145 silly idealTree ├── is-stream@1.1.0
145 silly idealTree ├── is-symbol@1.0.1
145 silly idealTree ├── isarray@1.0.0
145 silly idealTree ├── isexe@2.0.0
145 silly idealTree ├── isobject@2.1.0
145 silly idealTree ├── isomorphic-fetch@2.2.1
145 silly idealTree ├── js-beautify@1.7.4
145 silly idealTree ├── js-string-escape@1.0.1
145 silly idealTree ├── js-tokens@3.0.2
145 silly idealTree ├── js-yaml@3.10.0
145 silly idealTree ├── jschardet@1.6.0
145 silly idealTree ├── json-schema-traverse@0.3.1
145 silly idealTree ├── json-stable-stringify-without-jsonify@1.0.1
145 silly idealTree ├── json3@3.3.2
145 silly idealTree ├── jsonfile@4.0.0
145 silly idealTree ├── jsx-ast-utils@1.4.1
145 silly idealTree ├── kind-of@3.2.2
145 silly idealTree ├── latest-version@3.1.0
145 silly idealTree ├── lazy-cache@1.0.4
145 silly idealTree ├── lcid@1.0.0
145 silly idealTree ├── leaflet-heatmap@1.0.0
145 silly idealTree ├── leaflet.sync@0.2.2
145 silly idealTree ├── leaflet@1.2.0
145 silly idealTree ├── levn@0.3.0
145 silly idealTree ├── load-json-file@2.0.0
145 silly idealTree ├── locate-path@2.0.0
145 silly idealTree ├── lodash._baseassign@3.2.0
145 silly idealTree ├── lodash._basecopy@3.0.1
145 silly idealTree ├── lodash._basecreate@3.0.3
145 silly idealTree ├── lodash._bindcallback@3.0.1
145 silly idealTree ├── lodash._createassigner@3.1.1
145 silly idealTree ├── lodash._getnative@3.9.1
145 silly idealTree ├── lodash._isiterateecall@3.0.9
145 silly idealTree ├── lodash.assign@3.2.0
145 silly idealTree ├── lodash.cond@4.5.2
145 silly idealTree ├── lodash.create@3.1.1
145 silly idealTree ├── lodash.defaults@3.1.2
145 silly idealTree ├── lodash.isarguments@3.1.0
145 silly idealTree ├── lodash.isarray@3.0.4
145 silly idealTree ├── lodash.keys@3.1.2
145 silly idealTree ├── lodash.restparam@3.6.1
145 silly idealTree ├── lodash@4.17.4
145 silly idealTree ├── longest@1.0.1
145 silly idealTree ├── loose-envify@1.3.1
145 silly idealTree ├── lowercase-keys@1.0.0
145 silly idealTree ├── lru-cache@3.2.0
145 silly idealTree ├── lru-queue@0.1.0
145 silly idealTree ├─┬ make-dir@1.1.0
145 silly idealTree │ └── pify@3.0.0
145 silly idealTree ├── map-stream@0.1.0
145 silly idealTree ├── media-typer@0.3.0
145 silly idealTree ├── mem@1.1.0
145 silly idealTree ├── memoizee@0.4.11
145 silly idealTree ├── merge-descriptors@1.0.1
145 silly idealTree ├── method-override@2.3.10
145 silly idealTree ├── methods@1.1.2
145 silly idealTree ├── micromatch@2.3.11
145 silly idealTree ├── mime-db@1.30.0
145 silly idealTree ├── mime-types@2.1.17
145 silly idealTree ├── mime@1.4.1
145 silly idealTree ├── mimic-fn@1.1.0
145 silly idealTree ├── minimatch@3.0.4
145 silly idealTree ├── minimist@0.0.10
145 silly idealTree ├─┬ mkdirp@0.5.1
145 silly idealTree │ └── minimist@0.0.8
145 silly idealTree ├─┬ mocha@3.0.2
145 silly idealTree │ ├── commander@2.9.0
145 silly idealTree │ ├── debug@2.2.0
145 silly idealTree │ ├── glob@7.0.5
145 silly idealTree │ ├── has-flag@1.0.0
145 silly idealTree │ ├── ms@0.7.1
145 silly idealTree │ └── supports-color@3.1.2
145 silly idealTree ├── moment-timezone@0.5.14
145 silly idealTree ├── moment@2.19.2
145 silly idealTree ├── ms@2.0.0
145 silly idealTree ├── mute-stream@0.0.7
145 silly idealTree ├── natural-compare@1.4.0
145 silly idealTree ├── negotiator@0.6.1
145 silly idealTree ├── netcdf4@0.2.3
145 silly idealTree ├── netcdfjs@0.3.1
145 silly idealTree ├── next-tick@1.0.0
145 silly idealTree ├── node-fetch@1.7.3
145 silly idealTree ├── nodemon@1.12.1
145 silly idealTree ├── nopt@3.0.6
145 silly idealTree ├── normalize-package-data@2.4.0
145 silly idealTree ├── normalize-path@2.1.1
145 silly idealTree ├── npm-run-path@2.0.2
145 silly idealTree ├── number-is-nan@1.0.1
145 silly idealTree ├── object-assign@4.1.1
145 silly idealTree ├── object-keys@1.0.11
145 silly idealTree ├── object.assign@4.0.4
145 silly idealTree ├── object.omit@2.0.1
145 silly idealTree ├── on-finished@2.3.0
145 silly idealTree ├── on-headers@1.0.1
145 silly idealTree ├── once@1.4.0
145 silly idealTree ├── onetime@2.0.1
145 silly idealTree ├── optimist@0.6.1
145 silly idealTree ├─┬ optionator@0.8.2
145 silly idealTree │ └── wordwrap@1.0.0
145 silly idealTree ├── os-locale@2.1.0
145 silly idealTree ├── os-tmpdir@1.0.2
145 silly idealTree ├── p-finally@1.0.0
145 silly idealTree ├── p-limit@1.1.0
145 silly idealTree ├── p-locate@2.0.0
145 silly idealTree ├─┬ package-json@4.0.1
145 silly idealTree │ └── semver@5.4.1
145 silly idealTree ├── packet-reader@0.3.1
145 silly idealTree ├── parse-glob@3.0.4
145 silly idealTree ├── parse-json@2.2.0
145 silly idealTree ├── parseurl@1.3.2
145 silly idealTree ├── passport-local@1.0.0
145 silly idealTree ├── passport-strategy@1.0.0
145 silly idealTree ├── passport@0.4.0
145 silly idealTree ├── path-exists@3.0.0
145 silly idealTree ├── path-is-absolute@1.0.1
145 silly idealTree ├── path-is-inside@1.0.2
145 silly idealTree ├── path-key@2.0.1
145 silly idealTree ├── path-parse@1.0.5
145 silly idealTree ├── path-to-regexp@0.1.7
145 silly idealTree ├── path-type@2.0.0
145 silly idealTree ├── pause-stream@0.0.11
145 silly idealTree ├── pause@0.0.1
145 silly idealTree ├── pg-connection-string@0.1.3
145 silly idealTree ├── pg-hstore@2.3.2
145 silly idealTree ├── pg-pool@2.0.3
145 silly idealTree ├── pg-types@1.12.1
145 silly idealTree ├── pg@7.3.0
145 silly idealTree ├── pgpass@1.0.2
145 silly idealTree ├── pify@2.3.0
145 silly idealTree ├── pinkie-promise@2.0.1
145 silly idealTree ├── pinkie@2.0.4
145 silly idealTree ├─┬ pkg-dir@1.0.0
145 silly idealTree │ ├── find-up@1.1.2
145 silly idealTree │ └── path-exists@2.1.0
145 silly idealTree ├── pluralize@7.0.0
145 silly idealTree ├── postgres-array@1.0.2
145 silly idealTree ├── postgres-bytea@1.0.0
145 silly idealTree ├── postgres-date@1.0.3
145 silly idealTree ├── postgres-interval@1.1.1
145 silly idealTree ├── prelude-ls@1.1.2
145 silly idealTree ├── prepend-http@1.0.4
145 silly idealTree ├── preserve@0.2.0
145 silly idealTree ├── process-nextick-args@1.0.7
145 silly idealTree ├── progress@2.0.0
145 silly idealTree ├── promise@7.3.1
145 silly idealTree ├── prop-types@15.6.0
145 silly idealTree ├── proto-list@1.2.4
145 silly idealTree ├── proxy-addr@2.0.2
145 silly idealTree ├── ps-tree@1.1.0
145 silly idealTree ├── pseudomap@1.0.2
145 silly idealTree ├── qs@6.5.1
145 silly idealTree ├── random-bytes@1.0.0
145 silly idealTree ├─┬ randomatic@1.1.7
145 silly idealTree │ ├─┬ is-number@3.0.0
145 silly idealTree │ │ └── kind-of@3.2.2
145 silly idealTree │ └── kind-of@4.0.0
145 silly idealTree ├── range-parser@1.2.0
145 silly idealTree ├── raw-body@2.3.2
145 silly idealTree ├─┬ rc@1.2.2
145 silly idealTree │ └── minimist@1.2.0
145 silly idealTree ├── read-pkg-up@2.0.0
145 silly idealTree ├── read-pkg@2.0.0
145 silly idealTree ├── readable-stream@2.3.3
145 silly idealTree ├── readdirp@2.1.0
145 silly idealTree ├── regenerator-runtime@0.11.0
145 silly idealTree ├── regex-cache@0.4.4
145 silly idealTree ├── registry-auth-token@3.3.1
145 silly idealTree ├── registry-url@3.1.0
145 silly idealTree ├── remove-trailing-separator@1.1.0
145 silly idealTree ├── repeat-element@1.1.2
145 silly idealTree ├── repeat-string@1.6.1
145 silly idealTree ├── require-directory@2.1.1
145 silly idealTree ├── require-main-filename@1.0.1
145 silly idealTree ├── require-uncached@1.0.3
145 silly idealTree ├── resolve-from@1.0.1
145 silly idealTree ├── resolve@1.5.0
145 silly idealTree ├── restore-cursor@2.0.0
145 silly idealTree ├── retry-as-promised@2.3.2
145 silly idealTree ├── right-align@0.1.3
145 silly idealTree ├─┬ rimraf@2.6.2
145 silly idealTree │ └── glob@7.1.2
145 silly idealTree ├── run-async@2.3.0
145 silly idealTree ├── rx-lite-aggregates@4.0.8
145 silly idealTree ├── rx-lite@4.0.8
145 silly idealTree ├── safe-buffer@5.1.1
145 silly idealTree ├─┬ semver-diff@2.1.0
145 silly idealTree │ └── semver@5.4.1
145 silly idealTree ├── semver@4.3.2
145 silly idealTree ├─┬ send@0.16.1
145 silly idealTree │ └── statuses@1.3.1
145 silly idealTree ├─┬ sequelize-cli@3.0.0
145 silly idealTree │ ├── camelcase@4.1.0
145 silly idealTree │ ├─┬ cliui@3.2.0
145 silly idealTree │ │ └── string-width@1.0.2
145 silly idealTree │ └── yargs@8.0.2
145 silly idealTree ├─┬ sequelize@4.13.3
145 silly idealTree │ ├── debug@3.1.0
145 silly idealTree │ └── semver@5.4.1
145 silly idealTree ├── serve-static@1.13.1
145 silly idealTree ├── set-blocking@2.0.0
145 silly idealTree ├── set-immediate-shim@1.0.1
145 silly idealTree ├── setimmediate@1.0.5
145 silly idealTree ├── setprototypeof@1.0.3
145 silly idealTree ├── shebang-command@1.2.0
145 silly idealTree ├── shebang-regex@1.0.0
145 silly idealTree ├── shimmer@1.1.0
145 silly idealTree ├── sigmund@1.0.1
145 silly idealTree ├── signal-exit@3.0.2
145 silly idealTree ├─┬ slice-ansi@1.0.0
145 silly idealTree │ └── is-fullwidth-code-point@2.0.0
145 silly idealTree ├── source-map@0.4.4
145 silly idealTree ├── spdx-correct@1.0.2
145 silly idealTree ├── spdx-expression-parse@1.0.4
145 silly idealTree ├── spdx-license-ids@1.2.2
145 silly idealTree ├── speakingurl@14.0.1
145 silly idealTree ├── split@1.0.1
145 silly idealTree ├── sprintf-js@1.0.3
145 silly idealTree ├── statuses@1.4.0
145 silly idealTree ├── stream-combiner@0.0.4
145 silly idealTree ├── string_decoder@1.0.3
145 silly idealTree ├─┬ string-width@2.1.1
145 silly idealTree │ ├── ansi-regex@3.0.0
145 silly idealTree │ ├── is-fullwidth-code-point@2.0.0
145 silly idealTree │ └── strip-ansi@4.0.0
145 silly idealTree ├── strip-ansi@3.0.1
145 silly idealTree ├── strip-bom@3.0.0
145 silly idealTree ├── strip-eof@1.0.0
145 silly idealTree ├── strip-json-comments@2.0.1
145 silly idealTree ├── supports-color@2.0.0
145 silly idealTree ├── table@4.0.2
145 silly idealTree ├── term-size@1.2.0
145 silly idealTree ├── terraformer-wkt-parser@1.1.2
145 silly idealTree ├── terraformer@1.0.8
145 silly idealTree ├── text-table@0.2.0
145 silly idealTree ├── through@2.3.8
145 silly idealTree ├── timed-out@4.0.1
145 silly idealTree ├── timers-ext@0.1.2
145 silly idealTree ├── tmp@0.0.33
145 silly idealTree ├── toposort-class@1.0.1
145 silly idealTree ├─┬ touch@3.1.0
145 silly idealTree │ └── nopt@1.0.10
145 silly idealTree ├── tryit@1.0.3
145 silly idealTree ├── type-check@0.3.2
145 silly idealTree ├── type-detect@1.0.0
145 silly idealTree ├── type-is@1.6.15
145 silly idealTree ├── typedarray@0.0.6
145 silly idealTree ├── ua-parser-js@0.7.17
145 silly idealTree ├─┬ uglify-js@2.8.29
145 silly idealTree │ └── source-map@0.5.7
145 silly idealTree ├── uglify-to-browserify@1.0.2
145 silly idealTree ├── uid-safe@2.1.5
145 silly idealTree ├── umzug@2.1.0
145 silly idealTree ├── undefsafe@0.0.3
145 silly idealTree ├── underscore@1.8.3
145 silly idealTree ├── unique-string@1.0.0
145 silly idealTree ├── universalify@0.1.1
145 silly idealTree ├── unpipe@1.0.0
145 silly idealTree ├── unzip-response@2.0.1
145 silly idealTree ├── update-notifier@2.3.0
145 silly idealTree ├── url-parse-lax@1.0.0
145 silly idealTree ├── utf8@2.1.2
145 silly idealTree ├── util-deprecate@1.0.2
145 silly idealTree ├── utils-merge@1.0.1
145 silly idealTree ├── uuid@3.1.0
145 silly idealTree ├── validate-npm-package-license@3.0.1
145 silly idealTree ├── validator@8.2.0
145 silly idealTree ├── vary@1.1.2
145 silly idealTree ├── whatwg-fetch@2.0.3
145 silly idealTree ├── which-module@2.0.0
145 silly idealTree ├── which@1.3.0
145 silly idealTree ├─┬ widest-line@1.0.0
145 silly idealTree │ └── string-width@1.0.2
145 silly idealTree ├── window-size@0.1.0
145 silly idealTree ├── wkx@0.4.2
145 silly idealTree ├── wordwrap@0.0.3
145 silly idealTree ├─┬ wrap-ansi@2.1.0
145 silly idealTree │ └── string-width@1.0.2
145 silly idealTree ├── wrappy@1.0.2
145 silly idealTree ├── write-file-atomic@2.3.0
145 silly idealTree ├── write@0.2.1
145 silly idealTree ├── xdg-basedir@3.0.0
145 silly idealTree ├── xtend@4.0.1
145 silly idealTree ├── y18n@3.2.1
145 silly idealTree ├── yallist@2.1.2
145 silly idealTree ├─┬ yargs-parser@7.0.0
145 silly idealTree │ └── camelcase@4.1.0
145 silly idealTree └── yargs@3.10.0
146 silly generateActionsToTake Starting
147 silly install generateActionsToTake
148 silly generateActionsToTake Finishing
149 silly diffTrees action count 2
150 silly diffTrees add leaflet.sync@0.2.2
151 silly diffTrees add netcdf4@0.2.3
152 silly decomposeActions action count 16
153 silly decomposeActions fetch leaflet.sync@0.2.2
154 silly decomposeActions extract leaflet.sync@0.2.2
155 silly decomposeActions test leaflet.sync@0.2.2
156 silly decomposeActions preinstall leaflet.sync@0.2.2
157 silly decomposeActions build leaflet.sync@0.2.2
158 silly decomposeActions install leaflet.sync@0.2.2
159 silly decomposeActions postinstall leaflet.sync@0.2.2
160 silly decomposeActions finalize leaflet.sync@0.2.2
161 silly decomposeActions fetch netcdf4@0.2.3
162 silly decomposeActions extract netcdf4@0.2.3
163 silly decomposeActions test netcdf4@0.2.3
164 silly decomposeActions preinstall netcdf4@0.2.3
165 silly decomposeActions build netcdf4@0.2.3
166 silly decomposeActions install netcdf4@0.2.3
167 silly decomposeActions postinstall netcdf4@0.2.3
168 silly decomposeActions finalize netcdf4@0.2.3
169 silly runTopLevelLifecycles Starting
170 silly install runPreinstallTopLevelLifecycles
171 silly preinstall climate-aware@0.0.1 /home/hugo/CTP_Projects/CTP_Climate_Aware/app/climate-aware-245e1453
172 info lifecycle climate-aware@0.0.1~preinstall: climate-aware@0.0.1
173 silly lifecycle climate-aware@0.0.1~preinstall: no script for preinstall, continuing
174 silly executeActions Starting
175 silly install executeActions
176 silly doSerial global-install 0
177 silly doParallel fetch 2
178 verbose correctMkdir /home/hugo/.npm/_locks correctMkdir not in flight; initializing
179 verbose lock using /home/hugo/.npm/_locks/staging-d70cca8f6925bc62.lock for /home/hugo/CTP_Projects/CTP_Climate_Aware/app/node_modules/.staging
180 silly doParallel extract 2
181 silly extract leaflet.sync@0.2.2
182 silly extract netcdf4@0.2.3
183 verbose unbuild node_modules/.staging/leaflet.sync-d5b8ab0b
184 verbose unbuild node_modules/.staging/netcdf4-88742852
185 silly gentlyRm /home/hugo/CTP_Projects/CTP_Climate_Aware/app/node_modules/.staging/leaflet.sync-d5b8ab0b is being purged from base /home/hugo/CTP_Projects/CTP_Climate_Aware/app
186 verbose gentlyRm don't care about contents; nuking /home/hugo/CTP_Projects/CTP_Climate_Aware/app/node_modules/.staging/leaflet.sync-d5b8ab0b
187 silly gentlyRm /home/hugo/CTP_Projects/CTP_Climate_Aware/app/node_modules/.staging/netcdf4-88742852 is being purged from base /home/hugo/CTP_Projects/CTP_Climate_Aware/app
188 verbose gentlyRm don't care about contents; nuking /home/hugo/CTP_Projects/CTP_Climate_Aware/app/node_modules/.staging/netcdf4-88742852
189 verbose tar unpack /home/hugo/.npm/leaflet.sync/0.2.2/package.tgz
190 verbose tar unpacking to /home/hugo/CTP_Projects/CTP_Climate_Aware/app/node_modules/.staging/leaflet.sync-d5b8ab0b
191 silly gentlyRm /home/hugo/CTP_Projects/CTP_Climate_Aware/app/node_modules/.staging/leaflet.sync-d5b8ab0b is being purged
192 verbose gentlyRm don't care about contents; nuking /home/hugo/CTP_Projects/CTP_Climate_Aware/app/node_modules/.staging/leaflet.sync-d5b8ab0b
193 verbose tar unpack /home/hugo/.npm/netcdf4/0.2.3/package.tgz
194 verbose tar unpacking to /home/hugo/CTP_Projects/CTP_Climate_Aware/app/node_modules/.staging/netcdf4-88742852
195 silly gentlyRm /home/hugo/CTP_Projects/CTP_Climate_Aware/app/node_modules/.staging/netcdf4-88742852 is being purged
196 verbose gentlyRm don't care about contents; nuking /home/hugo/CTP_Projects/CTP_Climate_Aware/app/node_modules/.staging/netcdf4-88742852
197 silly gunzTarPerm modes [ '775', '664' ]
198 silly gunzTarPerm modes [ '775', '664' ]
199 silly gunzTarPerm extractEntry package.json
200 silly gunzTarPerm extractEntry package.json
201 silly gunzTarPerm modified mode [ 'package.json', 420, 436 ]
202 silly gunzTarPerm extractEntry .npmignore
203 silly gunzTarPerm extractEntry README.md
204 silly gunzTarPerm extractEntry .npmignore
205 silly gunzTarPerm modified mode [ '.npmignore', 420, 436 ]
206 silly gunzTarPerm extractEntry README.md
207 silly gunzTarPerm modified mode [ 'README.md', 384, 436 ]
208 silly gunzTarPerm extractEntry LICENSE
209 silly gunzTarPerm extractEntry L.Map.Sync.js
210 silly gunzTarPerm extractEntry LICENSE
211 silly gunzTarPerm modified mode [ 'LICENSE', 420, 436 ]
212 silly gunzTarPerm extractEntry .travis.yml
213 silly gunzTarPerm modified mode [ '.travis.yml', 420, 436 ]
214 silly gunzTarPerm extractEntry CHANGELOG.md
215 silly gunzTarPerm extractEntry binding.gyp
216 silly gunzTarPerm modified mode [ 'binding.gyp', 420, 436 ]
217 silly gunzTarPerm extractEntry src/Group.cpp
218 silly gunzTarPerm modified mode [ 'src/Group.cpp', 420, 436 ]
219 silly gunzTarPerm extractEntry .eslintrc
220 silly gunzTarPerm extractEntry .mversionrc
221 silly gunzTarPerm extractEntry src/Attribute.cpp
222 silly gunzTarPerm modified mode [ 'src/Attribute.cpp', 420, 436 ]
223 silly gunzTarPerm extractEntry bower.json
224 silly gunzTarPerm extractEntry examples/dual.html
225 silly gunzTarPerm extractEntry src/Dimension.cpp
226 silly gunzTarPerm modified mode [ 'src/Dimension.cpp', 420, 436 ]
227 silly gunzTarPerm extractEntry src/Dimension.h
228 silly gunzTarPerm modified mode [ 'src/Dimension.h', 420, 436 ]
229 silly gunzTarPerm extractEntry src/File.cpp
230 silly gunzTarPerm modified mode [ 'src/File.cpp', 420, 436 ]
231 silly gunzTarPerm extractEntry src/File.h
232 silly gunzTarPerm modified mode [ 'src/File.h', 420, 436 ]
233 silly gunzTarPerm extractEntry examples/index.html
234 silly gunzTarPerm extractEntry examples/multiple.html
235 silly gunzTarPerm extractEntry src/Attribute.h
236 silly gunzTarPerm modified mode [ 'src/Attribute.h', 420, 436 ]
237 silly gunzTarPerm extractEntry src/Group.h
238 silly gunzTarPerm modified mode [ 'src/Group.h', 420, 436 ]
239 silly gunzTarPerm extractEntry examples/multiple_offset.html
240 silly gunzTarPerm extractEntry examples/nowrap.html
241 silly gunzTarPerm extractEntry examples/select_syncs.html
242 silly gunzTarPerm extractEntry examples/syncCursor_dual.html
243 silly gunzTarPerm extractEntry src/Variable.cpp
244 silly gunzTarPerm modified mode [ 'src/Variable.cpp', 420, 436 ]
245 silly gunzTarPerm extractEntry src/Variable.h
246 silly gunzTarPerm modified mode [ 'src/Variable.h', 420, 436 ]
247 silly gunzTarPerm extractEntry examples/syncCursor_multiple.html
248 silly gunzTarPerm extractEntry .travis.yml
249 silly gunzTarPerm extractEntry src/netcdf4js.cpp
250 silly gunzTarPerm modified mode [ 'src/netcdf4js.cpp', 420, 436 ]
251 silly gunzTarPerm extractEntry src/netcdf4js.h
252 silly gunzTarPerm modified mode [ 'src/netcdf4js.h', 420, 436 ]
253 silly gunzTarPerm extractEntry offset_animation.gif
254 silly gunzTarPerm extractEntry test/attribute.js
255 silly gunzTarPerm modified mode [ 'test/attribute.js', 420, 436 ]
256 silly gunzTarPerm extractEntry test/dimension.js
257 silly gunzTarPerm modified mode [ 'test/dimension.js', 420, 436 ]
258 silly gunzTarPerm extractEntry test/file.js
259 silly gunzTarPerm modified mode [ 'test/file.js', 420, 436 ]
260 silly gunzTarPerm extractEntry test/group.js
261 silly gunzTarPerm modified mode [ 'test/group.js', 420, 436 ]
262 silly gunzTarPerm extractEntry test/spec.js
263 silly gunzTarPerm extractEntry test/index.html
264 silly gunzTarPerm extractEntry test/test_hgroups.nc
265 silly gunzTarPerm modified mode [ 'test/test_hgroups.nc', 420, 436 ]
266 silly gunzTarPerm extractEntry test/testrh.nc
267 silly gunzTarPerm modified mode [ 'test/testrh.nc', 420, 436 ]
268 silly gentlyRm /home/hugo/CTP_Projects/CTP_Climate_Aware/app/node_modules/.staging/leaflet.sync-d5b8ab0b/node_modules is being purged
269 verbose gentlyRm don't care about contents; nuking /home/hugo/CTP_Projects/CTP_Climate_Aware/app/node_modules/.staging/leaflet.sync-d5b8ab0b/node_modules
270 silly gentlyRm /home/hugo/CTP_Projects/CTP_Climate_Aware/app/node_modules/.staging/netcdf4-88742852/node_modules is being purged
271 verbose gentlyRm don't care about contents; nuking /home/hugo/CTP_Projects/CTP_Climate_Aware/app/node_modules/.staging/netcdf4-88742852/node_modules
272 silly doParallel preinstall 2
273 silly preinstall leaflet.sync@0.2.2 /home/hugo/CTP_Projects/CTP_Climate_Aware/app/node_modules/.staging/leaflet.sync-d5b8ab0b
274 info lifecycle leaflet.sync@0.2.2~preinstall: leaflet.sync@0.2.2
275 silly preinstall netcdf4@0.2.3 /home/hugo/CTP_Projects/CTP_Climate_Aware/app/node_modules/.staging/netcdf4-88742852
276 info lifecycle netcdf4@0.2.3~preinstall: netcdf4@0.2.3
277 silly lifecycle leaflet.sync@0.2.2~preinstall: no script for preinstall, continuing
278 silly lifecycle netcdf4@0.2.3~preinstall: no script for preinstall, continuing
279 silly doReverseSerial remove 0
280 silly doSerial move 0
281 silly doSerial finalize 2
282 silly finalize /home/hugo/CTP_Projects/CTP_Climate_Aware/app/node_modules/leaflet.sync
283 silly finalize /home/hugo/CTP_Projects/CTP_Climate_Aware/app/node_modules/netcdf4
284 silly doSerial build 2
285 silly build leaflet.sync@0.2.2
286 info linkStuff leaflet.sync@0.2.2
287 silly linkStuff leaflet.sync@0.2.2 has /home/hugo/CTP_Projects/CTP_Climate_Aware/app/node_modules as its parent node_modules
288 verbose linkBins leaflet.sync@0.2.2
289 verbose linkMans leaflet.sync@0.2.2
290 silly build netcdf4@0.2.3
291 info linkStuff netcdf4@0.2.3
292 silly linkStuff netcdf4@0.2.3 has /home/hugo/CTP_Projects/CTP_Climate_Aware/app/node_modules as its parent node_modules
293 verbose linkBins netcdf4@0.2.3
294 verbose linkMans netcdf4@0.2.3
295 silly doSerial global-link 0
296 silly doParallel update-linked 0
297 silly doSerial install 2
298 silly install leaflet.sync@0.2.2 /home/hugo/CTP_Projects/CTP_Climate_Aware/app/node_modules/.staging/leaflet.sync-d5b8ab0b
299 info lifecycle leaflet.sync@0.2.2~install: leaflet.sync@0.2.2
300 silly lifecycle leaflet.sync@0.2.2~install: no script for install, continuing
301 silly install netcdf4@0.2.3 /home/hugo/CTP_Projects/CTP_Climate_Aware/app/node_modules/.staging/netcdf4-88742852
302 info lifecycle netcdf4@0.2.3~install: netcdf4@0.2.3
303 verbose lifecycle netcdf4@0.2.3~install: unsafe-perm in lifecycle true
304 verbose lifecycle netcdf4@0.2.3~install: PATH: /home/hugo/.nvm/versions/node/v6.11.0/lib/node_modules/npm/bin/node-gyp-bin:/home/hugo/CTP_Projects/CTP_Climate_Aware/app/node_modules/netcdf4/node_modules/.bin:/home/hugo/CTP_Projects/CTP_Climate_Aware/app/node_modules/.bin:/home/hugo/.nvm/versions/node/v6.11.0/bin:/home/hugo/bin:/home/hugo/.local/bin:/usr/local/sbin:/usr/local/bin:/usr/sbin:/usr/bin:/sbin:/bin:/usr/games:/usr/local/games
305 verbose lifecycle netcdf4@0.2.3~install: CWD: /home/hugo/CTP_Projects/CTP_Climate_Aware/app/node_modules/netcdf4
306 silly lifecycle netcdf4@0.2.3~install: Args: [ '-c', 'node-gyp rebuild' ]
307 silly lifecycle netcdf4@0.2.3~install: Returned: code: 1  signal: null
308 info lifecycle netcdf4@0.2.3~install: Failed to exec install script
309 verbose unlock done using /home/hugo/.npm/_locks/staging-d70cca8f6925bc62.lock for /home/hugo/CTP_Projects/CTP_Climate_Aware/app/node_modules/.staging
310 silly rollbackFailedOptional Starting
311 silly rollbackFailedOptional Finishing
312 silly runTopLevelLifecycles Finishing
313 silly install printInstalled
314 warn optional SKIPPING OPTIONAL DEPENDENCY: fsevents@^1.0.0 (node_modules/chokidar/node_modules/fsevents):
315 warn notsup SKIPPING OPTIONAL DEPENDENCY: Unsupported platform for fsevents@1.1.3: wanted {"os":"darwin","arch":"any"} (current: {"os":"linux","arch":"x64"})
316 verbose notsup SKIPPING OPTIONAL DEPENDENCY: Valid OS:    darwin
316 verbose notsup SKIPPING OPTIONAL DEPENDENCY: Valid Arch:  any
316 verbose notsup SKIPPING OPTIONAL DEPENDENCY: Actual OS:   linux
316 verbose notsup SKIPPING OPTIONAL DEPENDENCY: Actual Arch: x64
317 warn climate-aware@0.0.1 No repository field.
318 verbose If you need help, you may report this error at:
318 verbose     <https://github.com/npm/npm/issues>
319 verbose stack Error: netcdf4@0.2.3 install: `node-gyp rebuild`
319 verbose stack Exit status 1
319 verbose stack     at EventEmitter.<anonymous> (/home/hugo/.nvm/versions/node/v6.11.0/lib/node_modules/npm/lib/utils/lifecycle.js:255:16)
319 verbose stack     at emitTwo (events.js:106:13)
319 verbose stack     at EventEmitter.emit (events.js:191:7)
319 verbose stack     at ChildProcess.<anonymous> (/home/hugo/.nvm/versions/node/v6.11.0/lib/node_modules/npm/lib/utils/spawn.js:40:14)
319 verbose stack     at emitTwo (events.js:106:13)
319 verbose stack     at ChildProcess.emit (events.js:191:7)
319 verbose stack     at maybeClose (internal/child_process.js:891:16)
319 verbose stack     at Process.ChildProcess._handle.onexit (internal/child_process.js:226:5)
320 verbose pkgid netcdf4@0.2.3
321 verbose cwd /home/hugo/CTP_Projects/CTP_Climate_Aware/app
322 error Linux 4.8.0-36-generic
323 error argv "/home/hugo/.nvm/versions/node/v6.11.0/bin/node" "/home/hugo/.nvm/versions/node/v6.11.0/bin/npm" "install"
324 error node v6.11.0
325 error npm  v3.10.10
326 error code ELIFECYCLE
327 error netcdf4@0.2.3 install: `node-gyp rebuild`
327 error Exit status 1
328 error Failed at the netcdf4@0.2.3 install script 'node-gyp rebuild'.
328 error Make sure you have the latest version of node.js and npm installed.
328 error If you do, this is most likely a problem with the netcdf4 package,
328 error not with npm itself.
328 error Tell the author that this fails on your system:
328 error     node-gyp rebuild
328 error You can get information on how to open an issue for this project with:
328 error     npm bugs netcdf4
328 error Or if that isn't available, you can get their info via:
328 error     npm owner ls netcdf4
328 error There is likely additional logging output above.
329 verbose exit [ 1, true ]
